This is pdfTeX, Version 3.14159265-2.6-1.40.18 (TeX Live 2017/Debian) (preloaded format=pdflatex 2019.6.22)  13 JUL 2019 18:12
entering extended mode
 restricted \write18 enabled.
 file:line:error style messages enabled.
 %&-line parsing enabled.
**/home/lucamartinelli/Documenti/UNiTN/TESI/tesi-informatica-triennale/martinelli_luca_laurea_aa.tex
(/home/lucamartinelli/Documenti/UNiTN/TESI/tesi-informatica-triennale/martinelli_luca_laurea_aa.tex
LaTeX2e <2017-04-15>
Babel <3.18> and hyphenation patterns for 84 language(s) loaded.
(/usr/share/texlive/texmf-dist/tex/latex/base/book.cls
Document Class: book 2014/09/29 v1.4h Standard LaTeX document class
(/usr/share/texlive/texmf-dist/tex/latex/base/bk11.clo
File: bk11.clo 2014/09/29 v1.4h Standard LaTeX file (size option)
)
\c@part=\count79
\c@chapter=\count80
\c@section=\count81
\c@subsection=\count82
\c@subsubsection=\count83
\c@paragraph=\count84
\c@subparagraph=\count85
\c@figure=\count86
\c@table=\count87
\abovecaptionskip=\skip41
\belowcaptionskip=\skip42
\bibindent=\dimen102
) (/usr/share/texlive/texmf-dist/tex/latex/graphics/epsfig.sty
Package: epsfig 2017/06/25 v1.7b (e)psfig emulation (SPQR)
 (/usr/share/texlive/texmf-dist/tex/latex/graphics/graphicx.sty
Package: graphicx 2017/06/01 v1.1a Enhanced LaTeX Graphics (DPC,SPQR)
 (/usr/share/texlive/texmf-dist/tex/latex/graphics/keyval.sty
Package: keyval 2014/10/28 v1.15 key=value parser (DPC)
\KV@toks@=\toks14
) (/usr/share/texlive/texmf-dist/tex/latex/graphics/graphics.sty
Package: graphics 2017/06/25 v1.2c Standard LaTeX Graphics (DPC,SPQR)
 (/usr/share/texlive/texmf-dist/tex/latex/graphics/trig.sty
Package: trig 2016/01/03 v1.10 sin cos tan (DPC)
) (/usr/share/texlive/texmf-dist/tex/latex/graphics-cfg/graphics.cfg
File: graphics.cfg 2016/06/04 v1.11 sample graphics configuration
)
Package graphics Info: Driver file: pdftex.def on input line 99.
 (/usr/share/texlive/texmf-dist/tex/latex/graphics-def/pdftex.def
File: pdftex.def 2018/01/08 v1.0l Graphics/color driver for pdftex
))
\Gin@req@height=\dimen103
\Gin@req@width=\dimen104
)
\epsfxsize=\dimen105
\epsfysize=\dimen106
) (/usr/share/texlive/texmf-dist/tex/latex/carlisle/plain.sty
Package: plain 1996/04/22 Plain TeX emulation (DPC)
\tabs@latex=\box26
\tabsyet@latex=\box27
\tabsdone@latex=\box28
) (/usr/share/texlive/texmf-dist/tex/latex/setspace/setspace.sty
Package: setspace 2011/12/19 v6.7a set line spacing
) (/usr/share/texlive/texmf-dist/tex/latex/geometry/geometry.sty
Package: geometry 2010/09/12 v5.6 Page Geometry
 (/usr/share/texlive/texmf-dist/tex/generic/oberdiek/ifpdf.sty
Package: ifpdf 2017/03/15 v3.2 Provides the ifpdf switch
) (/usr/share/texlive/texmf-dist/tex/generic/oberdiek/ifvtex.sty
Package: ifvtex 2016/05/16 v1.6 Detect VTeX and its facilities (HO)
Package ifvtex Info: VTeX not detected.
) (/usr/share/texlive/texmf-dist/tex/generic/ifxetex/ifxetex.sty
Package: ifxetex 2010/09/12 v0.6 Provides ifxetex conditional
)
\Gm@cnth=\count88
\Gm@cntv=\count89
\c@Gm@tempcnt=\count90
\Gm@bindingoffset=\dimen107
\Gm@wd@mp=\dimen108
\Gm@odd@mp=\dimen109
\Gm@even@mp=\dimen110
\Gm@layoutwidth=\dimen111
\Gm@layoutheight=\dimen112
\Gm@layouthoffset=\dimen113
\Gm@layoutvoffset=\dimen114
\Gm@dimlist=\toks15
) (/usr/share/texlive/texmf-dist/tex/latex/titlesec/titlesec.sty
Package: titlesec 2016/03/21 v2.10.2 Sectioning titles
\ttl@box=\box29
\beforetitleunit=\skip43
\aftertitleunit=\skip44
\ttl@plus=\dimen115
\ttl@minus=\dimen116
\ttl@toksa=\toks16
\titlewidth=\dimen117
\titlewidthlast=\dimen118
\titlewidthfirst=\dimen119
) (/usr/share/texlive/texmf-dist/tex/latex/base/inputenc.sty
Package: inputenc 2015/03/17 v1.2c Input encoding file
\inpenc@prehook=\toks17
\inpenc@posthook=\toks18
 (/usr/share/texlive/texmf-dist/tex/latex/ucs/utf8x.def
File: utf8x.def 2004/10/17 UCS: Input encoding UTF-8
)) (/usr/share/texlive/texmf-dist/tex/latex/ucs/ucs.sty
Package: ucs 2013/05/11 v2.2 UCS: Unicode input support
 (/usr/share/texlive/texmf-dist/tex/latex/ucs/data/uni-global.def
File: uni-global.def 2013/05/13 UCS: Unicode global data
)
\uc@secondtry=\count91
\uc@combtoks=\toks19
\uc@combtoksb=\toks20
\uc@temptokena=\toks21
) (/usr/share/texlive/texmf-dist/tex/latex/base/fontenc.sty
Package: fontenc 2017/04/05 v2.0i Standard LaTeX package
 (/usr/share/texlive/texmf-dist/tex/latex/base/t1enc.def
File: t1enc.def 2017/04/05 v2.0i Standard LaTeX file
LaTeX Font Info:    Redeclaring font encoding T1 on input line 48.
)) (/usr/share/texlive/texmf-dist/tex/generic/babel/babel.sty
Package: babel 2018/02/14 3.18 The Babel package
 (/usr/share/texlive/texmf-dist/tex/generic/babel/switch.def
File: switch.def 2018/02/14 3.18 Babel switching mechanism
) (/usr/share/texlive/texmf-dist/tex/generic/babel-italian/italian.ldf
Language: italian 2015/03/26 v1.3n Italian support from the babel system
 (/usr/share/texlive/texmf-dist/tex/generic/babel/babel.def
File: babel.def 2018/02/14 3.18 Babel common definitions
\babel@savecnt=\count92
\U@D=\dimen120
 (/usr/share/texlive/texmf-dist/tex/generic/babel/txtbabel.def)
\bbl@dirlevel=\count93
)
\it@lettering=\count94
\it@doublequoteactive=\count95
\it@ISOcompliance=\count96
)) (/usr/share/texlive/texmf-dist/tex/latex/etoolbox/etoolbox.sty
Package: etoolbox 2018/02/11 v2.5e e-TeX tools for LaTeX (JAW)
\etb@tempcnta=\count97
) (/usr/share/texlive/texmf-dist/tex/latex/url/url.sty
\Urlmuskip=\muskip10
Package: url 2013/09/16  ver 3.4  Verb mode for urls, etc.
) (/usr/share/texlive/texmf-dist/tex/latex/pgf/frontendlayer/tikz.sty (/usr/share/texlive/texmf-dist/tex/latex/pgf/basiclayer/pgf.sty (/usr/share/texlive/texmf-dist/tex/latex/pgf/utilities/pgfrcs.sty (/usr/share/texlive/texmf-dist/tex/generic/pgf/utilities/pgfutil-common.tex
\pgfutil@everybye=\toks22
\pgfutil@tempdima=\dimen121
\pgfutil@tempdimb=\dimen122
 (/usr/share/texlive/texmf-dist/tex/generic/pgf/utilities/pgfutil-common-lists.tex)) (/usr/share/texlive/texmf-dist/tex/generic/pgf/utilities/pgfutil-latex.def
\pgfutil@abb=\box30
 (/usr/share/texlive/texmf-dist/tex/latex/ms/everyshi.sty
Package: everyshi 2001/05/15 v3.00 EveryShipout Package (MS)
)) (/usr/share/texlive/texmf-dist/tex/generic/pgf/utilities/pgfrcs.code.tex
Package: pgfrcs 2015/08/07 v3.0.1a (rcs-revision 1.31)
))
Package: pgf 2015/08/07 v3.0.1a (rcs-revision 1.15)
 (/usr/share/texlive/texmf-dist/tex/latex/pgf/basiclayer/pgfcore.sty (/usr/share/texlive/texmf-dist/tex/latex/pgf/systemlayer/pgfsys.sty (/usr/share/texlive/texmf-dist/tex/generic/pgf/systemlayer/pgfsys.code.tex
Package: pgfsys 2014/07/09 v3.0.1a (rcs-revision 1.48)
 (/usr/share/texlive/texmf-dist/tex/generic/pgf/utilities/pgfkeys.code.tex
\pgfkeys@pathtoks=\toks23
\pgfkeys@temptoks=\toks24
 (/usr/share/texlive/texmf-dist/tex/generic/pgf/utilities/pgfkeysfiltered.code.tex
\pgfkeys@tmptoks=\toks25
))
\pgf@x=\dimen123
\pgf@y=\dimen124
\pgf@xa=\dimen125
\pgf@ya=\dimen126
\pgf@xb=\dimen127
\pgf@yb=\dimen128
\pgf@xc=\dimen129
\pgf@yc=\dimen130
\w@pgf@writea=\write3
\r@pgf@reada=\read1
\c@pgf@counta=\count98
\c@pgf@countb=\count99
\c@pgf@countc=\count100
\c@pgf@countd=\count101
\t@pgf@toka=\toks26
\t@pgf@tokb=\toks27
\t@pgf@tokc=\toks28
 (/usr/share/texlive/texmf-dist/tex/generic/pgf/systemlayer/pgf.cfg
File: pgf.cfg 2008/05/14  (rcs-revision 1.7)
)
Driver file for pgf: pgfsys-pdftex.def
 (/usr/share/texlive/texmf-dist/tex/generic/pgf/systemlayer/pgfsys-pdftex.def
File: pgfsys-pdftex.def 2014/10/11  (rcs-revision 1.35)
 (/usr/share/texlive/texmf-dist/tex/generic/pgf/systemlayer/pgfsys-common-pdf.def
File: pgfsys-common-pdf.def 2013/10/10  (rcs-revision 1.13)
))) (/usr/share/texlive/texmf-dist/tex/generic/pgf/systemlayer/pgfsyssoftpath.code.tex
File: pgfsyssoftpath.code.tex 2013/09/09  (rcs-revision 1.9)
\pgfsyssoftpath@smallbuffer@items=\count102
\pgfsyssoftpath@bigbuffer@items=\count103
) (/usr/share/texlive/texmf-dist/tex/generic/pgf/systemlayer/pgfsysprotocol.code.tex
File: pgfsysprotocol.code.tex 2006/10/16  (rcs-revision 1.4)
)) (/usr/share/texlive/texmf-dist/tex/latex/xcolor/xcolor.sty
Package: xcolor 2016/05/11 v2.12 LaTeX color extensions (UK)
 (/usr/share/texlive/texmf-dist/tex/latex/graphics-cfg/color.cfg
File: color.cfg 2016/01/02 v1.6 sample color configuration
)
Package xcolor Info: Driver file: pdftex.def on input line 225.
Package xcolor Info: Model `cmy' substituted by `cmy0' on input line 1348.
Package xcolor Info: Model `hsb' substituted by `rgb' on input line 1352.
Package xcolor Info: Model `RGB' extended on input line 1364.
Package xcolor Info: Model `HTML' substituted by `rgb' on input line 1366.
Package xcolor Info: Model `Hsb' substituted by `hsb' on input line 1367.
Package xcolor Info: Model `tHsb' substituted by `hsb' on input line 1368.
Package xcolor Info: Model `HSB' substituted by `hsb' on input line 1369.
Package xcolor Info: Model `Gray' substituted by `gray' on input line 1370.
Package xcolor Info: Model `wave' substituted by `hsb' on input line 1371.
) (/usr/share/texlive/texmf-dist/tex/generic/pgf/basiclayer/pgfcore.code.tex
Package: pgfcore 2010/04/11 v3.0.1a (rcs-revision 1.7)
 (/usr/share/texlive/texmf-dist/tex/generic/pgf/math/pgfmath.code.tex (/usr/share/texlive/texmf-dist/tex/generic/pgf/math/pgfmathcalc.code.tex (/usr/share/texlive/texmf-dist/tex/generic/pgf/math/pgfmathutil.code.tex) (/usr/share/texlive/texmf-dist/tex/generic/pgf/math/pgfmathparser.code.tex
\pgfmath@dimen=\dimen131
\pgfmath@count=\count104
\pgfmath@box=\box31
\pgfmath@toks=\toks29
\pgfmath@stack@operand=\toks30
\pgfmath@stack@operation=\toks31
) (/usr/share/texlive/texmf-dist/tex/generic/pgf/math/pgfmathfunctions.code.tex (/usr/share/texlive/texmf-dist/tex/generic/pgf/math/pgfmathfunctions.basic.code.tex) (/usr/share/texlive/texmf-dist/tex/generic/pgf/math/pgfmathfunctions.trigonometric.code.tex) (/usr/share/texlive/texmf-dist/tex/generic/pgf/math/pgfmathfunctions.random.code.tex) (/usr/share/texlive/texmf-dist/tex/generic/pgf/math/pgfmathfunctions.comparison.code.tex) (/usr/share/texlive/texmf-dist/tex/generic/pgf/math/pgfmathfunctions.base.code.tex) (/usr/share/texlive/texmf-dist/tex/generic/pgf/math/pgfmathfunctions.round.code.tex) (/usr/share/texlive/texmf-dist/tex/generic/pgf/math/pgfmathfunctions.misc.code.tex) (/usr/share/texlive/texmf-dist/tex/generic/pgf/math/pgfmathfunctions.integerarithmetics.code.tex))) (/usr/share/texlive/texmf-dist/tex/generic/pgf/math/pgfmathfloat.code.tex
\c@pgfmathroundto@lastzeros=\count105
)) (/usr/share/texlive/texmf-dist/tex/generic/pgf/basiclayer/pgfcorepoints.code.tex
File: pgfcorepoints.code.tex 2013/10/07  (rcs-revision 1.27)
\pgf@picminx=\dimen132
\pgf@picmaxx=\dimen133
\pgf@picminy=\dimen134
\pgf@picmaxy=\dimen135
\pgf@pathminx=\dimen136
\pgf@pathmaxx=\dimen137
\pgf@pathminy=\dimen138
\pgf@pathmaxy=\dimen139
\pgf@xx=\dimen140
\pgf@xy=\dimen141
\pgf@yx=\dimen142
\pgf@yy=\dimen143
\pgf@zx=\dimen144
\pgf@zy=\dimen145
) (/usr/share/texlive/texmf-dist/tex/generic/pgf/basiclayer/pgfcorepathconstruct.code.tex
File: pgfcorepathconstruct.code.tex 2013/10/07  (rcs-revision 1.29)
\pgf@path@lastx=\dimen146
\pgf@path@lasty=\dimen147
) (/usr/share/texlive/texmf-dist/tex/generic/pgf/basiclayer/pgfcorepathusage.code.tex
File: pgfcorepathusage.code.tex 2014/11/02  (rcs-revision 1.24)
\pgf@shorten@end@additional=\dimen148
\pgf@shorten@start@additional=\dimen149
) (/usr/share/texlive/texmf-dist/tex/generic/pgf/basiclayer/pgfcorescopes.code.tex
File: pgfcorescopes.code.tex 2015/05/08  (rcs-revision 1.46)
\pgfpic=\box32
\pgf@hbox=\box33
\pgf@layerbox@main=\box34
\pgf@picture@serial@count=\count106
) (/usr/share/texlive/texmf-dist/tex/generic/pgf/basiclayer/pgfcoregraphicstate.code.tex
File: pgfcoregraphicstate.code.tex 2014/11/02  (rcs-revision 1.12)
\pgflinewidth=\dimen150
) (/usr/share/texlive/texmf-dist/tex/generic/pgf/basiclayer/pgfcoretransformations.code.tex
File: pgfcoretransformations.code.tex 2015/08/07  (rcs-revision 1.20)
\pgf@pt@x=\dimen151
\pgf@pt@y=\dimen152
\pgf@pt@temp=\dimen153
) (/usr/share/texlive/texmf-dist/tex/generic/pgf/basiclayer/pgfcorequick.code.tex
File: pgfcorequick.code.tex 2008/10/09  (rcs-revision 1.3)
) (/usr/share/texlive/texmf-dist/tex/generic/pgf/basiclayer/pgfcoreobjects.code.tex
File: pgfcoreobjects.code.tex 2006/10/11  (rcs-revision 1.2)
) (/usr/share/texlive/texmf-dist/tex/generic/pgf/basiclayer/pgfcorepathprocessing.code.tex
File: pgfcorepathprocessing.code.tex 2013/09/09  (rcs-revision 1.9)
) (/usr/share/texlive/texmf-dist/tex/generic/pgf/basiclayer/pgfcorearrows.code.tex
File: pgfcorearrows.code.tex 2015/05/14  (rcs-revision 1.43)
\pgfarrowsep=\dimen154
) (/usr/share/texlive/texmf-dist/tex/generic/pgf/basiclayer/pgfcoreshade.code.tex
File: pgfcoreshade.code.tex 2013/07/15  (rcs-revision 1.15)
\pgf@max=\dimen155
\pgf@sys@shading@range@num=\count107
) (/usr/share/texlive/texmf-dist/tex/generic/pgf/basiclayer/pgfcoreimage.code.tex
File: pgfcoreimage.code.tex 2013/07/15  (rcs-revision 1.18)
 (/usr/share/texlive/texmf-dist/tex/generic/pgf/basiclayer/pgfcoreexternal.code.tex
File: pgfcoreexternal.code.tex 2014/07/09  (rcs-revision 1.21)
\pgfexternal@startupbox=\box35
)) (/usr/share/texlive/texmf-dist/tex/generic/pgf/basiclayer/pgfcorelayers.code.tex
File: pgfcorelayers.code.tex 2013/07/18  (rcs-revision 1.7)
) (/usr/share/texlive/texmf-dist/tex/generic/pgf/basiclayer/pgfcoretransparency.code.tex
File: pgfcoretransparency.code.tex 2013/09/30  (rcs-revision 1.5)
) (/usr/share/texlive/texmf-dist/tex/generic/pgf/basiclayer/pgfcorepatterns.code.tex
File: pgfcorepatterns.code.tex 2013/11/07  (rcs-revision 1.5)
))) (/usr/share/texlive/texmf-dist/tex/generic/pgf/modules/pgfmoduleshapes.code.tex
File: pgfmoduleshapes.code.tex 2014/03/21  (rcs-revision 1.35)
\pgfnodeparttextbox=\box36
) (/usr/share/texlive/texmf-dist/tex/generic/pgf/modules/pgfmoduleplot.code.tex
File: pgfmoduleplot.code.tex 2015/08/03  (rcs-revision 1.13)
) (/usr/share/texlive/texmf-dist/tex/latex/pgf/compatibility/pgfcomp-version-0-65.sty
Package: pgfcomp-version-0-65 2007/07/03 v3.0.1a (rcs-revision 1.7)
\pgf@nodesepstart=\dimen156
\pgf@nodesepend=\dimen157
) (/usr/share/texlive/texmf-dist/tex/latex/pgf/compatibility/pgfcomp-version-1-18.sty
Package: pgfcomp-version-1-18 2007/07/23 v3.0.1a (rcs-revision 1.1)
)) (/usr/share/texlive/texmf-dist/tex/latex/pgf/utilities/pgffor.sty (/usr/share/texlive/texmf-dist/tex/latex/pgf/utilities/pgfkeys.sty (/usr/share/texlive/texmf-dist/tex/generic/pgf/utilities/pgfkeys.code.tex)) (/usr/share/texlive/texmf-dist/tex/latex/pgf/math/pgfmath.sty (/usr/share/texlive/texmf-dist/tex/generic/pgf/math/pgfmath.code.tex)) (/usr/share/texlive/texmf-dist/tex/generic/pgf/utilities/pgffor.code.tex
Package: pgffor 2013/12/13 v3.0.1a (rcs-revision 1.25)
 (/usr/share/texlive/texmf-dist/tex/generic/pgf/math/pgfmath.code.tex)
\pgffor@iter=\dimen158
\pgffor@skip=\dimen159
\pgffor@stack=\toks32
\pgffor@toks=\toks33
)) (/usr/share/texlive/texmf-dist/tex/generic/pgf/frontendlayer/tikz/tikz.code.tex
Package: tikz 2015/08/07 v3.0.1a (rcs-revision 1.151)
 (/usr/share/texlive/texmf-dist/tex/generic/pgf/libraries/pgflibraryplothandlers.code.tex
File: pgflibraryplothandlers.code.tex 2013/08/31 v3.0.1a (rcs-revision 1.20)
\pgf@plot@mark@count=\count108
\pgfplotmarksize=\dimen160
)
\tikz@lastx=\dimen161
\tikz@lasty=\dimen162
\tikz@lastxsaved=\dimen163
\tikz@lastysaved=\dimen164
\tikzleveldistance=\dimen165
\tikzsiblingdistance=\dimen166
\tikz@figbox=\box37
\tikz@figbox@bg=\box38
\tikz@tempbox=\box39
\tikz@tempbox@bg=\box40
\tikztreelevel=\count109
\tikznumberofchildren=\count110
\tikznumberofcurrentchild=\count111
\tikz@fig@count=\count112
 (/usr/share/texlive/texmf-dist/tex/generic/pgf/modules/pgfmodulematrix.code.tex
File: pgfmodulematrix.code.tex 2013/09/17  (rcs-revision 1.8)
\pgfmatrixcurrentrow=\count113
\pgfmatrixcurrentcolumn=\count114
\pgf@matrix@numberofcolumns=\count115
)
\tikz@expandcount=\count116
 (/usr/share/texlive/texmf-dist/tex/generic/pgf/frontendlayer/tikz/libraries/tikzlibrarytopaths.code.tex
File: tikzlibrarytopaths.code.tex 2008/06/17 v3.0.1a (rcs-revision 1.2)
))) (/usr/share/texlive/texmf-dist/tex/generic/pgf/frontendlayer/tikz/libraries/tikzlibrarycalc.code.tex
File: tikzlibrarycalc.code.tex 2013/07/15 v3.0.1a (rcs-revision 1.9)
) (/usr/share/texlive/texmf-dist/tex/generic/pgf/frontendlayer/tikz/libraries/tikzlibrarypositioning.code.tex
File: tikzlibrarypositioning.code.tex 2008/10/06 v3.0.1a (rcs-revision 1.7)
) (/usr/share/texlive/texmf-dist/tex/generic/pgf/frontendlayer/tikz/libraries/tikzlibraryshapes.geometric.code.tex
File: tikzlibraryshapes.geometric.code.tex 2008/01/09 v3.0.1a (rcs-revision 1.1)
 (/usr/share/texlive/texmf-dist/tex/generic/pgf/libraries/shapes/pgflibraryshapes.geometric.code.tex
File: pgflibraryshapes.geometric.code.tex 2008/06/26 v3.0.1a (rcs-revision 1.1)
)) (/usr/share/texlive/texmf-dist/tex/generic/pgf/frontendlayer/tikz/libraries/tikzlibraryshapes.symbols.code.tex
File: tikzlibraryshapes.symbols.code.tex 2008/01/09 v3.0.1a (rcs-revision 1.1)
 (/usr/share/texlive/texmf-dist/tex/generic/pgf/libraries/shapes/pgflibraryshapes.symbols.code.tex
File: pgflibraryshapes.symbols.code.tex 2013/09/11 v3.0.1a (rcs-revision 1.6)
)) (/usr/share/texlive/texmf-dist/tex/generic/pgf/frontendlayer/tikz/libraries/tikzlibraryshapes.misc.code.tex
File: tikzlibraryshapes.misc.code.tex 2008/01/09 v3.0.1a (rcs-revision 1.1)
 (/usr/share/texlive/texmf-dist/tex/generic/pgf/libraries/shapes/pgflibraryshapes.misc.code.tex
File: pgflibraryshapes.misc.code.tex 2013/07/18 v3.0.1a (rcs-revision 1.5)
)) (/usr/share/texlive/texmf-dist/tex/generic/pgf/frontendlayer/tikz/libraries/tikzlibraryintersections.code.tex (/usr/share/texlive/texmf-dist/tex/generic/pgf/libraries/pgflibraryintersections.code.tex (/usr/share/texlive/texmf-dist/tex/generic/pgf/libraries/pgflibraryfpu.code.tex)
\pgf@intersect@solutions=\count117
)) (/usr/share/texlive/texmf-dist/tex/generic/pgf/frontendlayer/tikz/libraries/tikzlibraryshadows.code.tex
File: tikzlibraryshadows.code.tex 2008/01/13 v3.0.1a (rcs-revision 1.3)
 (/usr/share/texlive/texmf-dist/tex/generic/pgf/frontendlayer/tikz/libraries/tikzlibraryfadings.code.tex
File: tikzlibraryfadings.code.tex 2009/11/15 v3.0.1a (rcs-revision 1.2)
 (/usr/share/texlive/texmf-dist/tex/generic/pgf/libraries/pgflibraryfadings.code.tex
File: pgflibraryfadings.code.tex 2008/02/07 v3.0.1a (rcs-revision 1.3)
))) (/usr/share/texlive/texmf-dist/tex/generic/pgf/frontendlayer/tikz/libraries/tikzlibraryarrows.code.tex
File: tikzlibraryarrows.code.tex 2008/01/09 v3.0.1a (rcs-revision 1.1)
 (/usr/share/texlive/texmf-dist/tex/generic/pgf/libraries/pgflibraryarrows.code.tex
File: pgflibraryarrows.code.tex 2013/09/23 v3.0.1a (rcs-revision 1.16)
\arrowsize=\dimen167
))

LaTeX Warning: Unused global option(s):
    [epsfig].

(/home/lucamartinelli/Documenti/UNiTN/TESI/tesi-informatica-triennale/martinelli_luca_laurea_aa.aux)
\openout1 = `martinelli_luca_laurea_aa.aux'.

LaTeX Font Info:    Checking defaults for OML/cmm/m/it on input line 29.
LaTeX Font Info:    ... okay on input line 29.
LaTeX Font Info:    Checking defaults for T1/cmr/m/n on input line 29.
LaTeX Font Info:    ... okay on input line 29.
LaTeX Font Info:    Checking defaults for OT1/cmr/m/n on input line 29.
LaTeX Font Info:    ... okay on input line 29.
LaTeX Font Info:    Checking defaults for OMS/cmsy/m/n on input line 29.
LaTeX Font Info:    ... okay on input line 29.
LaTeX Font Info:    Checking defaults for OMX/cmex/m/n on input line 29.
LaTeX Font Info:    ... okay on input line 29.
LaTeX Font Info:    Checking defaults for U/cmr/m/n on input line 29.
LaTeX Font Info:    ... okay on input line 29.
 (/usr/share/texlive/texmf-dist/tex/context/base/mkii/supp-pdf.mkii
[Loading MPS to PDF converter (version 2006.09.02).]
\scratchcounter=\count118
\scratchdimen=\dimen168
\scratchbox=\box41
\nofMPsegments=\count119
\nofMParguments=\count120
\everyMPshowfont=\toks34
\MPscratchCnt=\count121
\MPscratchDim=\dimen169
\MPnumerator=\count122
\makeMPintoPDFobject=\count123
\everyMPtoPDFconversion=\toks35
) (/usr/share/texlive/texmf-dist/tex/latex/oberdiek/epstopdf-base.sty
Package: epstopdf-base 2016/05/15 v2.6 Base part for package epstopdf
 (/usr/share/texlive/texmf-dist/tex/generic/oberdiek/infwarerr.sty
Package: infwarerr 2016/05/16 v1.4 Providing info/warning/error messages (HO)
) (/usr/share/texlive/texmf-dist/tex/latex/oberdiek/grfext.sty
Package: grfext 2016/05/16 v1.2 Manage graphics extensions (HO)
 (/usr/share/texlive/texmf-dist/tex/generic/oberdiek/kvdefinekeys.sty
Package: kvdefinekeys 2016/05/16 v1.4 Define keys (HO)
 (/usr/share/texlive/texmf-dist/tex/generic/oberdiek/ltxcmds.sty
Package: ltxcmds 2016/05/16 v1.23 LaTeX kernel commands for general use (HO)
))) (/usr/share/texlive/texmf-dist/tex/latex/oberdiek/kvoptions.sty
Package: kvoptions 2016/05/16 v3.12 Key value format for package options (HO)
 (/usr/share/texlive/texmf-dist/tex/generic/oberdiek/kvsetkeys.sty
Package: kvsetkeys 2016/05/16 v1.17 Key value parser (HO)
 (/usr/share/texlive/texmf-dist/tex/generic/oberdiek/etexcmds.sty
Package: etexcmds 2016/05/16 v1.6 Avoid name clashes with e-TeX commands (HO)
 (/usr/share/texlive/texmf-dist/tex/generic/oberdiek/ifluatex.sty
Package: ifluatex 2016/05/16 v1.4 Provides the ifluatex switch (HO)
Package ifluatex Info: LuaTeX not detected.
)
Package etexcmds Info: Could not find \expanded.
(etexcmds)             That can mean that you are not using pdfTeX 1.50 or
(etexcmds)             that some package has redefined \expanded.
(etexcmds)             In the latter case, load this package earlier.
))) (/usr/share/texlive/texmf-dist/tex/generic/oberdiek/pdftexcmds.sty
Package: pdftexcmds 2018/01/21 v0.26 Utility functions of pdfTeX for LuaTeX (HO)
Package pdftexcmds Info: LuaTeX not detected.
Package pdftexcmds Info: \pdf@primitive is available.
Package pdftexcmds Info: \pdf@ifprimitive is available.
Package pdftexcmds Info: \pdfdraftmode found.
)
Package epstopdf-base Info: Redefining graphics rule for `.eps' on input line 438.
Package grfext Info: Graphics extension search list:
(grfext)             [.pdf,.png,.jpg,.mps,.jpeg,.jbig2,.jb2,.PDF,.PNG,.JPG,.JPEG,.JBIG2,.JB2,.eps]
(grfext)             \AppendGraphicsExtensions on input line 456.
 (/usr/share/texlive/texmf-dist/tex/latex/latexconfig/epstopdf-sys.cfg
File: epstopdf-sys.cfg 2010/07/13 v1.3 Configuration of (r)epstopdf for TeX Live
))
*geometry* driver: auto-detecting
*geometry* detected driver: pdftex
*geometry* verbose mode - [ preamble ] result:
* driver: pdftex
* paper: custom
* layout: <same size as paper>
* layoutoffset:(h,v)=(0.0pt,0.0pt)
* modes: 
* h-part:(L,W,R)=(71.13188pt, 483.69687pt, 42.67912pt)
* v-part:(T,H,B)=(56.9055pt, 731.23575pt, 56.9055pt)
* \paperwidth=597.50787pt
* \paperheight=845.04675pt
* \textwidth=483.69687pt
* \textheight=731.23575pt
* \oddsidemargin=-1.1381pt
* \evensidemargin=-1.1381pt
* \topmargin=-47.23828pt
* \headheight=12.0pt
* \headsep=19.8738pt
* \topskip=11.0pt
* \footskip=27.46295pt
* \marginparwidth=53.0pt
* \marginparsep=7.0pt
* \columnsep=10.0pt
* \skip\footins=10.0pt plus 4.0pt minus 2.0pt
* \hoffset=0.0pt
* \voffset=0.0pt
* \mag=1000
* \@twocolumnfalse
* \@twosidefalse
* \@mparswitchfalse
* \@reversemarginfalse
* (1in=72.27pt=25.4mm, 1cm=28.453pt)

(/usr/share/texlive/texmf-dist/tex/latex/ucs/ucsencs.def
File: ucsencs.def 2011/01/21 Fixes to fontencodings LGR, T3
)
LaTeX Info: Redefining \it@ocap on input line 29.
LaTeX Info: Redefining \it@ccap on input line 29.
 ABD: EveryShipout initializing macros (./pagina_iniziale.tex
Package epstopdf Info: Source file: <logo_unitn_black_center.eps>
(epstopdf)                    date: 2019-06-24 18:18:13
(epstopdf)                    size: 316347 bytes
(epstopdf)             Output file: <logo_unitn_black_center-eps-converted-to.pdf>
(epstopdf)                    date: 2019-06-24 21:29:30
(epstopdf)                    size: 84572 bytes
(epstopdf)             Command: <repstopdf --outfile=logo_unitn_black_center-eps-converted-to.pdf logo_unitn_black_center.eps>
(epstopdf)             \includegraphics on input line 8.
Package epstopdf Info: Output file is already uptodate.


pdfTeX warning: pdflatex (file /home/lucamartinelli/Documenti/UNiTN/TESI/tesi-informatica-triennale/logo_unitn_black_center-eps-converted-to.pdf): PDF inclusion: found PDF version <1.7>, but at most version <1.5> allowed
<logo_unitn_black_center-eps-converted-to.pdf, id=29, 293.095pt x 126.4725pt>
File: logo_unitn_black_center-eps-converted-to.pdf Graphic file (type pdf)
<use logo_unitn_black_center-eps-converted-to.pdf>
Package pdftex.def Info: logo_unitn_black_center-eps-converted-to.pdf  used on input line 8.
(pdftex.def)             Requested size: 290.22107pt x 125.23131pt.
(/usr/share/texlive/texmf-dist/tex/latex/ucs/data/uni-32.def
File: uni-32.def 2013/05/13 UCS: Unicode data U+2000..U+20FF
)
LaTeX Font Info:    External font `cmex10' loaded for size
(Font)              <14.4> on input line 27.
LaTeX Font Info:    External font `cmex10' loaded for size
(Font)              <7> on input line 27.
) [1

{/var/lib/texmf/fonts/map/pdftex/updmap/pdftex.map} </home/lucamartinelli/Documenti/UNiTN/TESI/tesi-informatica-triennale/logo_unitn_black_center-eps-converted-to.pdf>] (./ringraziamenti.tex (/usr/share/texlive/texmf-dist/tex/latex/ucs/data/uni-0.def
File: uni-0.def 2013/05/13 UCS: Unicode data U+0000..U+00FF
)
<./figures/wallpaper.png, id=41, 1171.0149pt x 301.6068pt>
File: ./figures/wallpaper.png Graphic file (type png)
<use ./figures/wallpaper.png>
Package pdftex.def Info: ./figures/wallpaper.png  used on input line 19.
(pdftex.def)             Requested size: 284.52756pt x 73.27992pt.
 [2

 <./figures/wallpaper.png>]) (/home/lucamartinelli/Documenti/UNiTN/TESI/tesi-informatica-triennale/martinelli_luca_laurea_aa.toc
LaTeX Font Info:    External font `cmex10' loaded for size
(Font)              <10.95> on input line 6.
LaTeX Font Info:    External font `cmex10' loaded for size
(Font)              <8> on input line 6.
LaTeX Font Info:    External font `cmex10' loaded for size
(Font)              <6> on input line 6.
)
\tf@toc=\write4
\openout4 = `martinelli_luca_laurea_aa.toc'.

 [1



] (/home/lucamartinelli/Documenti/UNiTN/TESI/tesi-informatica-triennale/acronimi.tex
LaTeX Font Info:    Try loading font information for OMS+cmr on input line 10.
 (/usr/share/texlive/texmf-dist/tex/latex/base/omscmr.fd
File: omscmr.fd 2014/09/29 v2.5h Standard LaTeX font definitions
)
LaTeX Font Info:    Font shape `OMS/cmr/m/n' in size <10.95> not available
(Font)              Font shape `OMS/cmsy/m/n' tried instead on input line 10.
 [2

]) (/home/lucamartinelli/Documenti/UNiTN/TESI/tesi-informatica-triennale/sommario.tex
<./figures/chimera-evoluzione.jpg, id=58, 1847.40187pt x 1232.2035pt>
File: ./figures/chimera-evoluzione.jpg Graphic file (type jpg)
<use ./figures/chimera-evoluzione.jpg>
Package pdftex.def Info: ./figures/chimera-evoluzione.jpg  used on input line 8.
(pdftex.def)             Requested size: 483.69687pt x 322.62158pt.
 [3 <./figures/chimera-evoluzione.jpg>]) (./metodologia_di_sviluppo.tex
Capitolo 1.
<./figures/membri.png, id=62, 2347.77126pt x 1659.19875pt>
File: ./figures/membri.png Graphic file (type png)
<use ./figures/membri.png>
Package pdftex.def Info: ./figures/membri.png  used on input line 5.
(pdftex.def)             Requested size: 362.77264pt x 256.36299pt.
[4 <./figures/membri.png>]
<./figures/sphinx.png, id=67, 1927.2pt x 953.5625pt>
File: ./figures/sphinx.png Graphic file (type png)
<use ./figures/sphinx.png>
Package pdftex.def Info: ./figures/sphinx.png  used on input line 46.
(pdftex.def)             Requested size: 362.77264pt x 179.49094pt.
 [5 <./figures/sphinx.png>]
<./figures/kanban.png, id=73, 1927.2pt x 954.56625pt>
File: ./figures/kanban.png Graphic file (type png)
<use ./figures/kanban.png>
Package pdftex.def Info: ./figures/kanban.png  used on input line 92.
(pdftex.def)             Requested size: 362.77264pt x 179.67987pt.
 [6 <./figures/kanban.png>] [7]) (./tecnologie.tex
Capitolo 2.
<./figures/steeringwheelEsploso.png, id=80, 1445.4pt x 813.0375pt>
File: ./figures/steeringwheelEsploso.png Graphic file (type png)
<use ./figures/steeringwheelEsploso.png>
Package pdftex.def Info: ./figures/steeringwheelEsploso.png  used on input line 5.
(pdftex.def)             Requested size: 483.69687pt x 272.07462pt.
[8 <./figures/steeringwheelEsploso.png>]
<./figures/imageshield.png, id=85, 848.4197pt x 652.68843pt>
File: ./figures/imageshield.png Graphic file (type png)
<use ./figures/imageshield.png>
Package pdftex.def Info: ./figures/imageshield.png  used on input line 29.
(pdftex.def)             Requested size: 362.77264pt x 279.077pt.
 [9 <./figures/imageshield.png>]
<./figures/imagemockup.png, id=89, 1445.4pt x 813.0375pt>
File: ./figures/imagemockup.png Graphic file (type png)
<use ./figures/imagemockup.png>
Package pdftex.def Info: ./figures/imagemockup.png  used on input line 69.
(pdftex.def)             Requested size: 483.69687pt x 272.07462pt.
 [10 <./figures/imagemockup.png (PNG copy)>]
<./figures/yoctoWorkFlow.png, id=93, 1927.2pt x 1059.96pt>
File: ./figures/yoctoWorkFlow.png Graphic file (type png)
<use ./figures/yoctoWorkFlow.png>
Package pdftex.def Info: ./figures/yoctoWorkFlow.png  used on input line 111.
(pdftex.def)             Requested size: 227.62204pt x 125.18417pt.
<./figures/menuBuildRoot.png, id=94, 933.4875pt x 471.7625pt>
File: ./figures/menuBuildRoot.png Graphic file (type png)
<use ./figures/menuBuildRoot.png>
Package pdftex.def Info: ./figures/menuBuildRoot.png  used on input line 116.
(pdftex.def)             Requested size: 227.62204pt x 115.03214pt.
 [11 <./figures/yoctoWorkFlow.png> <./figures/menuBuildRoot.png>]
<./figures/qtIcon.jpg, id=100, 401.5pt x 401.5pt>
File: ./figures/qtIcon.jpg Graphic file (type jpg)
<use ./figures/qtIcon.jpg>
Package pdftex.def Info: ./figures/qtIcon.jpg  used on input line 152.
(pdftex.def)             Requested size: 227.62204pt x 227.62596pt.
<./figures/qtCreator.png, id=101, 1927.2pt x 1059.96pt>
File: ./figures/qtCreator.png Graphic file (type png)
<use ./figures/qtCreator.png>
Package pdftex.def Info: ./figures/qtCreator.png  used on input line 156.
(pdftex.def)             Requested size: 227.62204pt x 125.18417pt.
 [12 <./figures/qtIcon.jpg> <./figures/qtCreator.png>]) (./volante.tex
Capitolo 3.
<./figures/cd.pdf, id=105, 2490.30473pt x 2229.32753pt>
File: ./figures/cd.pdf Graphic file (type pdf)
<use ./figures/cd.pdf>
Package pdftex.def Info: ./figures/cd.pdf  used on input line 26.
(pdftex.def)             Requested size: 362.77264pt x 324.72394pt.
[13 <./figures/cd.pdf>]
<./figures/oldUI/tabErrors.png, id=162, 481.8pt x 272.01625pt>
File: ./figures/oldUI/tabErrors.png Graphic file (type png)
<use ./figures/oldUI/tabErrors.png>
Package pdftex.def Info: ./figures/oldUI/tabErrors.png  used on input line 93.
(pdftex.def)             Requested size: 193.47948pt x 109.23207pt.
<./figures/oldUI/racingPage.png, id=163, 479.7925pt x 274.02374pt>
File: ./figures/oldUI/racingPage.png Graphic file (type png)
<use ./figures/oldUI/racingPage.png>
Package pdftex.def Info: ./figures/oldUI/racingPage.png  used on input line 98.
(pdftex.def)             Requested size: 193.47948pt x 110.50233pt.
 [14 <./figures/oldUI/tabErrors.png> <./figures/oldUI/racingPage.png>] [15]
<./figures/cross-compilazione.png, id=174, 1923.185pt x 947.54pt>
File: ./figures/cross-compilazione.png Graphic file (type png)
<use ./figures/cross-compilazione.png>
Package pdftex.def Info: ./figures/cross-compilazione.png  used on input line 183.
(pdftex.def)             Requested size: 362.77264pt x 178.73322pt.
 [16 <./figures/cross-compilazione.png (PNG copy)>]
<./figures/lowfidelityprototype.jpg, id=178, 1335.18825pt x 890.1255pt>
File: ./figures/lowfidelityprototype.jpg Graphic file (type jpg)
<use ./figures/lowfidelityprototype.jpg>
Package pdftex.def Info: ./figures/lowfidelityprototype.jpg  used on input line 261.
(pdftex.def)             Requested size: 362.77264pt x 241.84473pt.
 [17 <./figures/lowfidelityprototype.jpg>]
<./figures/primoMockUpUI.jpg, id=183, 963.6pt x 722.7pt>
File: ./figures/primoMockUpUI.jpg Graphic file (type jpg)
<use ./figures/primoMockUpUI.jpg>
Package pdftex.def Info: ./figures/primoMockUpUI.jpg  used on input line 311.
(pdftex.def)             Requested size: 362.77264pt x 272.07047pt.
 [18 <./figures/primoMockUpUI.jpg>]
<./figures/imageracing.jpg, id=188, 782.90091pt x 542.025pt>
File: ./figures/imageracing.jpg Graphic file (type jpg)
<use ./figures/imageracing.jpg>
Package pdftex.def Info: ./figures/imageracing.jpg  used on input line 337.
(pdftex.def)             Requested size: 227.62204pt x 157.58847pt.
<./figures/imagetutorial.jpg, id=189, 782.90091pt x 542.025pt>
File: ./figures/imagetutorial.jpg Graphic file (type jpg)
<use ./figures/imagetutorial.jpg>
Package pdftex.def Info: ./figures/imagetutorial.jpg  used on input line 341.
(pdftex.def)             Requested size: 227.62204pt x 157.58847pt.
 [19 <./figures/imageracing.jpg> <./figures/imagetutorial.jpg>]
<./figures/UI/tabWanings.png, id=193, 480.79625pt x 271.0125pt>
File: ./figures/UI/tabWanings.png Graphic file (type png)
<use ./figures/UI/tabWanings.png>
Package pdftex.def Info: ./figures/UI/tabWanings.png  used on input line 396.
(pdftex.def)             Requested size: 217.66211pt x 122.69057pt.
File: ./figures/oldUI/tabErrors.png Graphic file (type png)
<use ./figures/oldUI/tabErrors.png>
Package pdftex.def Info: ./figures/oldUI/tabErrors.png  used on input line 401.
(pdftex.def)             Requested size: 217.66211pt x 122.88765pt.
<./figures/UI/tabErrors.png, id=194, 480.79625pt x 274.02374pt>
File: ./figures/UI/tabErrors.png Graphic file (type png)
<use ./figures/UI/tabErrors.png>
Package pdftex.def Info: ./figures/UI/tabErrors.png  used on input line 423.
(pdftex.def)             Requested size: 217.66211pt x 124.0538pt.
<./figures/oldUI/tabStatus.png, id=195, 481.8pt x 272.01625pt>
File: ./figures/oldUI/tabStatus.png Graphic file (type png)
<use ./figures/oldUI/tabStatus.png>
Package pdftex.def Info: ./figures/oldUI/tabStatus.png  used on input line 428.
(pdftex.def)             Requested size: 217.66211pt x 122.88765pt.
 [20 <./figures/UI/tabWanings.png (PNG copy)> <./figures/UI/tabErrors.png (PNG copy)> <./figures/oldUI/tabStatus.png>]
<./figures/UI/tabStatus.png, id=200, 478.78876pt x 273.02pt>
File: ./figures/UI/tabStatus.png Graphic file (type png)
<use ./figures/UI/tabStatus.png>
Package pdftex.def Info: ./figures/UI/tabStatus.png  used on input line 450.
(pdftex.def)             Requested size: 217.66211pt x 124.11597pt.
<./figures/oldUI/tabInverter.png, id=201, 479.7925pt x 272.01625pt>
File: ./figures/oldUI/tabInverter.png Graphic file (type png)
<use ./figures/oldUI/tabInverter.png>
Package pdftex.def Info: ./figures/oldUI/tabInverter.png  used on input line 455.
(pdftex.def)             Requested size: 217.66211pt x 123.40233pt.
<./figures/UI/racingPage.png, id=202, 479.7925pt x 272.01625pt>
File: ./figures/UI/racingPage.png Graphic file (type png)
<use ./figures/UI/racingPage.png>
Package pdftex.def Info: ./figures/UI/racingPage.png  used on input line 472.
(pdftex.def)             Requested size: 217.66211pt x 123.40233pt.
File: ./figures/oldUI/racingPage.png Graphic file (type png)
<use ./figures/oldUI/racingPage.png>
Package pdftex.def Info: ./figures/oldUI/racingPage.png  used on input line 477.
(pdftex.def)             Requested size: 217.66211pt x 124.31303pt.
 [21 <./figures/UI/tabStatus.png (PNG copy)> <./figures/oldUI/tabInverter.png> <./figures/UI/racingPage.png (PNG copy)>]
<./figures/UI/tabBattery.png, id=207, 478.78876pt x 273.02pt>
File: ./figures/UI/tabBattery.png Graphic file (type png)
<use ./figures/UI/tabBattery.png>
Package pdftex.def Info: ./figures/UI/tabBattery.png  used on input line 514.
(pdftex.def)             Requested size: 217.66211pt x 124.11597pt.
<./figures/oldUI/tabBattery.png, id=208, 481.8pt x 272.01625pt>
File: ./figures/oldUI/tabBattery.png Graphic file (type png)
<use ./figures/oldUI/tabBattery.png>
Package pdftex.def Info: ./figures/oldUI/tabBattery.png  used on input line 519.
(pdftex.def)             Requested size: 217.66211pt x 122.88765pt.
<./figures/UI/tabSensors.png, id=209, 479.7925pt x 273.02pt>
File: ./figures/UI/tabSensors.png Graphic file (type png)
<use ./figures/UI/tabSensors.png>
Package pdftex.def Info: ./figures/UI/tabSensors.png  used on input line 536.
(pdftex.def)             Requested size: 217.66211pt x 123.85768pt.
<./figures/oldUI/tabSensors.png, id=210, 477.785pt x 271.0125pt>
File: ./figures/oldUI/tabSensors.png Graphic file (type png)
<use ./figures/oldUI/tabSensors.png>
Package pdftex.def Info: ./figures/oldUI/tabSensors.png  used on input line 541.
(pdftex.def)             Requested size: 217.66211pt x 123.46388pt.
 [22 <./figures/UI/tabBattery.png (PNG copy)> <./figures/oldUI/tabBattery.png> <./figures/UI/tabSensors.png (PNG copy)> <./figures/oldUI/tabSensors.png>] [23]) (./valutazioni.tex
Capitolo 4.
<./figures/steeringwheelPresentation.jpg, id=219, 963.6pt x 654.19406pt>
File: ./figures/steeringwheelPresentation.jpg Graphic file (type jpg)
<use ./figures/steeringwheelPresentation.jpg>
Package pdftex.def Info: ./figures/steeringwheelPresentation.jpg  used on input line 13.
(pdftex.def)             Requested size: 362.77264pt x 246.28046pt.
[24 <./figures/steeringwheelPresentation.jpg>]
<./figures/QFD_Telemetry.pdf, id=223, 845.1575pt x 597.23125pt>
File: ./figures/QFD_Telemetry.pdf Graphic file (type pdf)
<use ./figures/QFD_Telemetry.pdf>
Package pdftex.def Info: ./figures/QFD_Telemetry.pdf  used on input line 49.
(pdftex.def)             Requested size: 459.51054pt x 324.72363pt.
 [25 <./figures/QFD_Telemetry.pdf>]
<./figures/volanteFenice.jpg, id=244, 770.88pt x 433.62pt>
File: ./figures/volanteFenice.jpg Graphic file (type jpg)
<use ./figures/volanteFenice.jpg>
Package pdftex.def Info: ./figures/volanteFenice.jpg  used on input line 84.
(pdftex.def)             Requested size: 217.66211pt x 122.4317pt.
<./figures/volanteFenice1.png, id=245, 925.056pt x 520.344pt>
File: ./figures/volanteFenice1.png Graphic file (type png)
<use ./figures/volanteFenice1.png>
Package pdftex.def Info: ./figures/volanteFenice1.png  used on input line 88.
(pdftex.def)             Requested size: 217.66211pt x 122.4317pt.
 [26 <./figures/volanteFenice.jpg> <./figures/volanteFenice1.png (PNG copy)>]) (./conclusioni.tex
Capitolo 5.
) (/home/lucamartinelli/Documenti/UNiTN/TESI/tesi-informatica-triennale/martinelli_luca_laurea_aa.bbl [27]
Underfull \hbox (badness 10000) in paragraph at lines 16--20
[]\T1/cmr/m/n/10.95 Antonio Ste-fa-ni e Lu-ca Mar-ti-nel-li.  Cross com-plia-zio-ne per il vo-lan-te.
 []


Underfull \hbox (badness 10000) in paragraph at lines 36--39
[]\T1/cmr/m/n/10.95 Scott.  Build di un si-ste-ma ope-ra-ti-vo con qt per ra-sp-ber-ry pi.
 []

) [28

] (/home/lucamartinelli/Documenti/UNiTN/TESI/tesi-informatica-triennale/martinelli_luca_laurea_aa.aux) ) 
Here is how much of TeX's memory you used:
 16944 strings out of 492982
 337924 string characters out of 6134896
 395120 words of memory out of 5000000
 20098 multiletter control sequences out of 15000+600000
 16970 words of font info for 39 fonts, out of 8000000 for 9000
 1141 hyphenation exceptions out of 8191
 55i,8n,82p,926b,896s stack positions out of 5000i,500n,10000p,200000b,80000s
{/usr/share/texmf/fonts/enc/dvips/cm-super/cm-super-t1.enc}</usr/share/texlive/texmf-dist/fonts/type1/public/amsfonts/cm/cmmi10.pfb></usr/share/texlive/texmf-dist/fonts/type1/public/amsfonts/cm/cmsy10.pfb></usr/share/texmf/fonts/type1/public/cm-super/sfbx1095.pfb></usr/share/texmf/fonts/type1/public/cm-super/sfbx1200.pfb></usr/share/texmf/fonts/type1/public/cm-super/sfbx1440.pfb></usr/share/texmf/fonts/type1/public/cm-super/sfbx2488.pfb></usr/share/texmf/fonts/type1/public/cm-super/sfcc1440.pfb></usr/share/texmf/fonts/type1/public/cm-super/sfcc2488.pfb></usr/share/texmf/fonts/type1/public/cm-super/sfrm1095.pfb></usr/share/texmf/fonts/type1/public/cm-super/sfrm1440.pfb></usr/share/texmf/fonts/type1/public/cm-super/sfrm1728.pfb></usr/share/texmf/fonts/type1/public/cm-super/sfti1095.pfb></usr/share/texmf/fonts/type1/public/cm-super/sfti1440.pfb>
Output written on /home/lucamartinelli/Documenti/UNiTN/TESI/tesi-informatica-triennale/martinelli_luca_laurea_aa.pdf (30 pages, 58550598 bytes).
PDF statistics:
 298 PDF objects out of 1000 (max. 8388607)
 185 compressed objects within 2 object streams
 0 named destinations out of 1000 (max. 500000)
 284 words of extra memory for PDF output out of 10000 (max. 10000000)

